0 info it worked if it ends with ok
1 verbose cli [ 'C:\\Program Files\\nodejs\\node.exe',
1 verbose cli   'C:\\Users\\roman_b\\AppData\\Roaming\\npm\\node_modules\\npm\\bin\\npm-cli.js',
1 verbose cli   'run',
1 verbose cli   'start-api' ]
2 info using npm@3.10.9
3 info using node@v6.4.0
4 verbose run-script [ 'prestart-api', 'start-api', 'poststart-api' ]
5 info lifecycle books-store-app@1.0.0~prestart-api: books-store-app@1.0.0
6 silly lifecycle books-store-app@1.0.0~prestart-api: no script for prestart-api, continuing
7 info lifecycle books-store-app@1.0.0~start-api: books-store-app@1.0.0
8 verbose lifecycle books-store-app@1.0.0~start-api: unsafe-perm in lifecycle true
9 verbose lifecycle books-store-app@1.0.0~start-api: PATH: C:\Users\roman_b\AppData\Roaming\npm\node_modules\npm\bin\node-gyp-bin;C:\Projects\BooksStore\books-store-app\node_modules\.bin;C:\Program Files (x86)\NVIDIA Corporation\PhysX\Common;C:\ProgramData\Oracle\Java\javapath;c:\Program Files\Java\jdk1.8.0_25\bin;C:\Windows\system32;C:\Windows;C:\Windows\System32\Wbem;C:\Windows\System32\WindowsPowerShell\v1.0\;C:\Program Files\TortoiseSVN\bin;c:\ANT\apache-ant-1.8.4\bin;c:\Projects\mysql\bin;c:\Projects\apache-tomee-1.7.1-webprofile\apache-tomee-jaxrs-1.7.1\bin;c:\apache-maven-3.3.9\bin;C:\Program Files\cURL\bin;C:\Program Files\SlikSvn\bin;C:\Program Files (x86)\Skype\Phone\;c:\Python26\;C:\Program Files (x86)\PuTTY\;C:\Program Files\nodejs\;C:\Program Files (x86)\Google\Cloud SDK\google-cloud-sdk\bin;C:\Program Files (x86)\Heroku\bin;C:\Program Files (x86)\git\cmd;C:\Program Files (x86)\Git\cmd;c:\Program Files\MongoDB\Server\3.4\bin\;C:\Users\roman_b\AppData\Local\Programs\Python\Python36-32\Scripts\;C:\Users\roman_b\AppData\Local\Programs\Python\Python36-32\;C:\ProgramData\Oracle\Java\javapath;c:\Program Files\Java\jdk1.8.0_25\bin;C:\Windows\system32;C:\Windows;C:\Windows\System32\Wbem;C:\Windows\System32\WindowsPowerShell\v1.0\;C:\Program Files\TortoiseSVN\bin;c:\ANT\apache-ant-1.8.4\bin;c:\Projects\mysql\bin;c:\Projects\apache-tomee-1.7.1-webprofile\apache-tomee-webprofile-1.7.1\bin;C:\Users\roman_b\AppData\Roaming\npm;C:\Users\roman_b\AppData\Local\Programs\Git\cmd
10 verbose lifecycle books-store-app@1.0.0~start-api: CWD: C:\Projects\BooksStore\books-store-app
11 silly lifecycle books-store-app@1.0.0~start-api: Args: [ '/d /s /c', 'node ./dist/shop-api/bin/www.js' ]
12 silly lifecycle books-store-app@1.0.0~start-api: Returned: code: 3221225786  signal: null
13 info lifecycle books-store-app@1.0.0~start-api: Failed to exec start-api script
14 verbose stack Error: books-store-app@1.0.0 start-api: `node ./dist/shop-api/bin/www.js`
14 verbose stack Exit status 3221225786
14 verbose stack     at EventEmitter.<anonymous> (C:\Users\roman_b\AppData\Roaming\npm\node_modules\npm\lib\utils\lifecycle.js:255:16)
14 verbose stack     at emitTwo (events.js:106:13)
14 verbose stack     at EventEmitter.emit (events.js:191:7)
14 verbose stack     at ChildProcess.<anonymous> (C:\Users\roman_b\AppData\Roaming\npm\node_modules\npm\lib\utils\spawn.js:40:14)
14 verbose stack     at emitTwo (events.js:106:13)
14 verbose stack     at ChildProcess.emit (events.js:191:7)
14 verbose stack     at maybeClose (internal/child_process.js:852:16)
14 verbose stack     at Process.ChildProcess._handle.onexit (internal/child_process.js:215:5)
15 verbose pkgid books-store-app@1.0.0
16 verbose cwd C:\Projects\BooksStore\books-store-app
17 error Windows_NT 6.3.9600
18 error argv "C:\\Program Files\\nodejs\\node.exe" "C:\\Users\\roman_b\\AppData\\Roaming\\npm\\node_modules\\npm\\bin\\npm-cli.js" "run" "start-api"
19 error node v6.4.0
20 error npm  v3.10.9
21 error code ELIFECYCLE
22 error books-store-app@1.0.0 start-api: `node ./dist/shop-api/bin/www.js`
22 error Exit status 3221225786
23 error Failed at the books-store-app@1.0.0 start-api script 'node ./dist/shop-api/bin/www.js'.
23 error Make sure you have the latest version of node.js and npm installed.
23 error If you do, this is most likely a problem with the books-store-app package,
23 error not with npm itself.
23 error Tell the author that this fails on your system:
23 error     node ./dist/shop-api/bin/www.js
23 error You can get information on how to open an issue for this project with:
23 error     npm bugs books-store-app
23 error Or if that isn't available, you can get their info via:
23 error     npm owner ls books-store-app
23 error There is likely additional logging output above.
24 verbose exit [ 1, true ]
